2018-01-27 22:11:25 14076 [Note] Plugin 'FEDERATED' is disabled.
2018-01-27 22:11:26 14076 [Note] InnoDB: The InnoDB memory heap is disabled
2018-01-27 22:11:26 14076 [Note] InnoDB: Mutexes and rw_locks use Windows interlocked functions
2018-01-27 22:11:26 14076 [Note] InnoDB: Compressed tables use zlib 1.2.3
2018-01-27 22:11:26 14076 [Note] InnoDB: Not using CPU crc32 instructions
2018-01-27 22:11:26 14076 [Note] InnoDB: Initializing buffer pool, size = 128.0M
2018-01-27 22:11:26 14076 [Note] InnoDB: Completed initialization of buffer pool
2018-01-27 22:11:27 14076 [Note] InnoDB: Highest supported file format is Barracuda.
2018-01-27 22:11:27 14076 [Note] InnoDB: The log sequence numbers 1626134 and 1626134 in ibdata files do not match the log sequence number 3097314 in the ib_logfiles!
2018-01-27 22:11:27 14076 [Note] InnoDB: Database was not shutdown normally!
2018-01-27 22:11:27 14076 [Note] InnoDB: Starting crash recovery.
2018-01-27 22:11:27 14076 [Note] InnoDB: Reading tablespace information from the .ibd files...
2018-01-27 22:11:27 14076 [Note] InnoDB: Restoring possible half-written data pages 
2018-01-27 22:11:27 14076 [Note] InnoDB: from the doublewrite buffer...
2018-01-27 22:11:33 14076 [Note] InnoDB: 128 rollback segment(s) are active.
2018-01-27 22:11:33 14076 [Note] InnoDB: Waiting for purge to start
2018-01-27 22:11:33 14076 [Note] InnoDB: 5.6.13 started; log sequence number 3097314
2018-01-27 22:11:33 14076 [Note] Server hostname (bind-address): '*'; port: 3307
2018-01-27 22:11:33 14076 [Note] IPv6 is available.
2018-01-27 22:11:33 14076 [Note]   - '::' resolves to '::';
2018-01-27 22:11:33 14076 [Note] Server socket created on IP: '::'.
2018-01-29 14:20:18 1332 [Note] Plugin 'FEDERATED' is disabled.
2018-01-29 14:20:18 1332 [Note] InnoDB: The InnoDB memory heap is disabled
2018-01-29 14:20:18 1332 [Note] InnoDB: Mutexes and rw_locks use Windows interlocked functions
2018-01-29 14:20:18 1332 [Note] InnoDB: Compressed tables use zlib 1.2.3
2018-01-29 14:20:18 1332 [Note] InnoDB: Not using CPU crc32 instructions
2018-01-29 14:20:18 1332 [Note] InnoDB: Initializing buffer pool, size = 128.0M
2018-01-29 14:20:18 1332 [Note] InnoDB: Completed initialization of buffer pool
2018-01-29 14:20:19 1332 [Note] InnoDB: Highest supported file format is Barracuda.
2018-01-29 14:20:19 1332 [Note] InnoDB: The log sequence numbers 1626134 and 1626134 in ibdata files do not match the log sequence number 3097324 in the ib_logfiles!
2018-01-29 14:20:19 1332 [Note] InnoDB: Database was not shutdown normally!
2018-01-29 14:20:19 1332 [Note] InnoDB: Starting crash recovery.
2018-01-29 14:20:19 1332 [Note] InnoDB: Reading tablespace information from the .ibd files...
2018-01-29 14:20:19 1332 [Note] InnoDB: Restoring possible half-written data pages 
2018-01-29 14:20:19 1332 [Note] InnoDB: from the doublewrite buffer...
2018-01-29 14:20:23 1332 [Note] InnoDB: 128 rollback segment(s) are active.
2018-01-29 14:20:23 1332 [Note] InnoDB: Waiting for purge to start
2018-01-29 14:20:23 1332 [Note] InnoDB: 5.6.13 started; log sequence number 3097324
2018-01-29 14:20:23 1332 [Note] Server hostname (bind-address): '*'; port: 3307
2018-01-29 14:20:23 1332 [Note] IPv6 is available.
2018-01-29 14:20:23 1332 [Note]   - '::' resolves to '::';
2018-01-29 14:20:23 1332 [Note] Server socket created on IP: '::'.
2018-01-29 14:20:28 1332 [Note] Event Scheduler: Loaded 0 events
2018-01-29 14:20:28 1332 [Note] F:\usbWebserver v8.6 (assignment only)/mysql/bin/mysqld_usbwv8.exe: ready for connections.
Version: '5.6.13'  socket: ''  port: 3307  MySQL Community Server (GPL)
2018-01-29 14:20:34 11368 [Note] Plugin 'FEDERATED' is disabled.
2018-01-29 14:20:34 11368 [Note] InnoDB: The InnoDB memory heap is disabled
2018-01-29 14:20:34 11368 [Note] InnoDB: Mutexes and rw_locks use Windows interlocked functions
2018-01-29 14:20:34 11368 [Note] InnoDB: Compressed tables use zlib 1.2.3
2018-01-29 14:20:34 11368 [Note] InnoDB: Not using CPU crc32 instructions
2018-01-29 14:20:34 11368 [Note] InnoDB: Initializing buffer pool, size = 128.0M
2018-01-29 14:20:34 11368 [Note] InnoDB: Completed initialization of buffer pool
2018-01-29 14:20:34 11368 [ERROR] InnoDB: F:\usbWebserver v8.6 (assignment only)\mysql\data\ibdata1 can't be opened in read-write mode
2018-01-29 14:20:34 11368 [ERROR] InnoDB: The system tablespace must be writable!
2018-01-29 14:20:34 11368 [ERROR] Plugin 'InnoDB' init function returned error.
2018-01-29 14:20:34 11368 [ERROR] Plugin 'InnoDB' registration as a STORAGE ENGINE failed.
2018-01-29 14:20:34 11368 [ERROR] Unknown/unsupported storage engine: InnoDB
2018-01-29 14:20:34 11368 [ERROR] Aborting

2018-01-29 14:20:34 11368 [Note] Binlog end
2018-01-29 14:20:34 11368 [Note] Shutting down plugin 'partition'
2018-01-29 14:20:34 11368 [Note] Shutting down plugin 'PERFORMANCE_SCHEMA'
2018-01-29 14:20:34 11368 [Note] Shutting down plugin 'INNODB_SYS_DATAFILES'
2018-01-29 14:20:34 11368 [Note] Shutting down plugin 'INNODB_SYS_TABLESPACES'
2018-01-29 14:20:34 11368 [Note] Shutting down plugin 'INNODB_SYS_FOREIGN_COLS'
2018-01-29 14:20:34 11368 [Note] Shutting down plugin 'INNODB_SYS_FOREIGN'
2018-01-29 14:20:34 11368 [Note] Shutting down plugin 'INNODB_SYS_FIELDS'
2018-01-29 14:20:34 11368 [Note] Shutting down plugin 'INNODB_SYS_COLUMNS'
2018-01-29 14:20:34 11368 [Note] Shutting down plugin 'INNODB_SYS_INDEXES'
2018-01-29 14:20:34 11368 [Note] Shutting down plugin 'INNODB_SYS_TABLESTATS'
2018-01-29 14:20:34 11368 [Note] Shutting down plugin 'INNODB_SYS_TABLES'
2018-01-29 14:20:34 11368 [Note] Shutting down plugin 'INNODB_FT_INDEX_TABLE'
2018-01-29 14:20:34 11368 [Note] Shutting down plugin 'INNODB_FT_INDEX_CACHE'
2018-01-29 14:20:34 11368 [Note] Shutting down plugin 'INNODB_FT_CONFIG'
2018-01-29 14:20:34 11368 [Note] Shutting down plugin 'INNODB_FT_BEING_DELETED'
2018-01-29 14:20:34 11368 [Note] Shutting down plugin 'INNODB_FT_DELETED'
2018-01-29 14:20:34 11368 [Note] Shutting down plugin 'INNODB_FT_DEFAULT_STOPWORD'
2018-01-29 14:20:34 11368 [Note] Shutting down plugin 'INNODB_METRICS'
2018-01-29 14:20:34 11368 [Note] Shutting down plugin 'INNODB_BUFFER_POOL_STATS'
2018-01-29 14:20:34 11368 [Note] Shutting down plugin 'INNODB_BUFFER_PAGE_LRU'
2018-01-29 14:20:34 11368 [Note] Shutting down plugin 'INNODB_BUFFER_PAGE'
2018-01-29 14:20:34 11368 [Note] Shutting down plugin 'INNODB_CMP_PER_INDEX_RESET'
2018-01-29 14:20:34 11368 [Note] Shutting down plugin 'INNODB_CMP_PER_INDEX'
2018-01-29 14:20:34 11368 [Note] Shutting down plugin 'INNODB_CMPMEM_RESET'
2018-01-29 14:20:34 11368 [Note] Shutting down plugin 'INNODB_CMPMEM'
2018-01-29 14:20:34 11368 [Note] Shutting down plugin 'INNODB_CMP_RESET'
2018-01-29 14:20:34 11368 [Note] Shutting down plugin 'INNODB_CMP'
2018-01-29 14:20:34 11368 [Note] Shutting down plugin 'INNODB_LOCK_WAITS'
2018-01-29 14:20:34 11368 [Note] Shutting down plugin 'INNODB_LOCKS'
2018-01-29 14:20:34 11368 [Note] Shutting down plugin 'INNODB_TRX'
2018-01-29 14:20:34 11368 [Note] Shutting down plugin 'BLACKHOLE'
2018-01-29 14:20:34 11368 [Note] Shutting down plugin 'ARCHIVE'
2018-01-29 14:20:34 11368 [Note] Shutting down plugin 'MRG_MYISAM'
2018-01-29 14:20:34 11368 [Note] Shutting down plugin 'MyISAM'
2018-01-29 14:20:34 11368 [Note] Shutting down plugin 'MEMORY'
2018-01-29 14:20:34 11368 [Note] Shutting down plugin 'CSV'
2018-01-29 14:20:34 11368 [Note] Shutting down plugin 'sha256_password'
2018-01-29 14:20:34 11368 [Note] Shutting down plugin 'mysql_old_password'
2018-01-29 14:20:34 11368 [Note] Shutting down plugin 'mysql_native_password'
2018-01-29 14:20:34 11368 [Note] Shutting down plugin 'binlog'
2018-01-29 14:20:34 11368 [Note] F:\usbWebserver v8.6 (assignment only)/mysql/bin/mysqld_usbwv8.exe: Shutdown complete

2018-01-29 14:21:29 3892 [Note] Plugin 'FEDERATED' is disabled.
2018-01-29 14:21:29 3892 [Note] InnoDB: The InnoDB memory heap is disabled
2018-01-29 14:21:29 3892 [Note] InnoDB: Mutexes and rw_locks use Windows interlocked functions
2018-01-29 14:21:29 3892 [Note] InnoDB: Compressed tables use zlib 1.2.3
2018-01-29 14:21:29 3892 [Note] InnoDB: Not using CPU crc32 instructions
2018-01-29 14:21:29 3892 [Note] InnoDB: Initializing buffer pool, size = 128.0M
2018-01-29 14:21:29 3892 [Note] InnoDB: Completed initialization of buffer pool
2018-01-29 14:21:29 3892 [Note] InnoDB: Highest supported file format is Barracuda.
2018-01-29 14:21:29 3892 [Note] InnoDB: The log sequence numbers 1626134 and 1626134 in ibdata files do not match the log sequence number 3097334 in the ib_logfiles!
2018-01-29 14:21:29 3892 [Note] InnoDB: Database was not shutdown normally!
2018-01-29 14:21:29 3892 [Note] InnoDB: Starting crash recovery.
2018-01-29 14:21:29 3892 [Note] InnoDB: Reading tablespace information from the .ibd files...
2018-01-29 14:21:29 3892 [Note] InnoDB: Restoring possible half-written data pages 
2018-01-29 14:21:29 3892 [Note] InnoDB: from the doublewrite buffer...
2018-01-29 14:21:30 3892 [Note] InnoDB: 128 rollback segment(s) are active.
2018-01-29 14:21:30 3892 [Note] InnoDB: Waiting for purge to start
2018-01-29 14:21:30 3892 [Note] InnoDB: 5.6.13 started; log sequence number 3097334
2018-01-29 14:21:30 3892 [Note] Server hostname (bind-address): '*'; port: 3307
2018-01-29 14:21:30 3892 [Note] IPv6 is available.
2018-01-29 14:21:30 3892 [Note]   - '::' resolves to '::';
2018-01-29 14:21:30 3892 [Note] Server socket created on IP: '::'.
2018-01-29 14:22:13 2252 [Note] Plugin 'FEDERATED' is disabled.
2018-01-29 14:22:13 2252 [Note] InnoDB: The InnoDB memory heap is disabled
2018-01-29 14:22:13 2252 [Note] InnoDB: Mutexes and rw_locks use Windows interlocked functions
2018-01-29 14:22:13 2252 [Note] InnoDB: Compressed tables use zlib 1.2.3
2018-01-29 14:22:13 2252 [Note] InnoDB: Not using CPU crc32 instructions
2018-01-29 14:22:13 2252 [Note] InnoDB: Initializing buffer pool, size = 128.0M
2018-01-29 14:22:13 2252 [Note] InnoDB: Completed initialization of buffer pool
2018-01-29 14:22:13 2252 [Note] InnoDB: Highest supported file format is Barracuda.
2018-01-29 14:22:13 2252 [Note] InnoDB: The log sequence numbers 1626134 and 1626134 in ibdata files do not match the log sequence number 3097344 in the ib_logfiles!
2018-01-29 14:22:13 2252 [Note] InnoDB: Database was not shutdown normally!
2018-01-29 14:22:13 2252 [Note] InnoDB: Starting crash recovery.
2018-01-29 14:22:13 2252 [Note] InnoDB: Reading tablespace information from the .ibd files...
2018-01-29 14:22:13 2252 [Note] InnoDB: Restoring possible half-written data pages 
2018-01-29 14:22:13 2252 [Note] InnoDB: from the doublewrite buffer...
2018-01-29 14:22:15 2252 [Note] InnoDB: 128 rollback segment(s) are active.
2018-01-29 14:22:15 2252 [Note] InnoDB: Waiting for purge to start
2018-01-29 14:22:15 2252 [Note] InnoDB: 5.6.13 started; log sequence number 3097344
2018-01-29 14:22:15 2252 [Note] Server hostname (bind-address): '*'; port: 3307
2018-01-29 14:22:15 2252 [Note] IPv6 is available.
2018-01-29 14:22:15 2252 [Note]   - '::' resolves to '::';
2018-01-29 14:22:15 2252 [Note] Server socket created on IP: '::'.
