2017-06-20 12:23:44 10908 [Note] Plugin 'FEDERATED' is disabled.
2017-06-20 12:23:44 10908 [Note] InnoDB: The InnoDB memory heap is disabled
2017-06-20 12:23:44 10908 [Note] InnoDB: Mutexes and rw_locks use Windows interlocked functions
2017-06-20 12:23:44 10908 [Note] InnoDB: Compressed tables use zlib 1.2.3
2017-06-20 12:23:44 10908 [Note] InnoDB: Not using CPU crc32 instructions
2017-06-20 12:23:44 10908 [Note] InnoDB: Initializing buffer pool, size = 128.0M
2017-06-20 12:23:44 10908 [Note] InnoDB: Completed initialization of buffer pool
2017-06-20 12:23:44 10908 [Note] InnoDB: Highest supported file format is Barracuda.
2017-06-20 12:23:44 10908 [Note] InnoDB: The log sequence numbers 1626134 and 1626134 in ibdata files do not match the log sequence number 1778678 in the ib_logfiles!
2017-06-20 12:23:44 10908 [Note] InnoDB: Database was not shutdown normally!
2017-06-20 12:23:44 10908 [Note] InnoDB: Starting crash recovery.
2017-06-20 12:23:44 10908 [Note] InnoDB: Reading tablespace information from the .ibd files...
2017-06-20 12:23:44 10908 [Note] InnoDB: Restoring possible half-written data pages 
2017-06-20 12:23:44 10908 [Note] InnoDB: from the doublewrite buffer...
2017-06-20 12:23:44 10908 [Note] InnoDB: 128 rollback segment(s) are active.
2017-06-20 12:23:44 10908 [Note] InnoDB: Waiting for purge to start
2017-06-20 12:23:44 10908 [Note] InnoDB: 5.6.13 started; log sequence number 1778678
2017-06-20 12:23:44 10908 [Note] Server hostname (bind-address): '*'; port: 3307
2017-06-20 12:23:44 10908 [Note] IPv6 is available.
2017-06-20 12:23:44 10908 [Note]   - '::' resolves to '::';
2017-06-20 12:23:44 10908 [Note] Server socket created on IP: '::'.
2017-07-18 15:01:01 6112 [Note] Plugin 'FEDERATED' is disabled.
2017-07-18 15:01:01 6112 [Note] InnoDB: The InnoDB memory heap is disabled
2017-07-18 15:01:01 6112 [Note] InnoDB: Mutexes and rw_locks use Windows interlocked functions
2017-07-18 15:01:01 6112 [Note] InnoDB: Compressed tables use zlib 1.2.3
2017-07-18 15:01:01 6112 [Note] InnoDB: Not using CPU crc32 instructions
2017-07-18 15:01:02 6112 [Note] InnoDB: Initializing buffer pool, size = 128.0M
2017-07-18 15:01:02 6112 [Note] InnoDB: Completed initialization of buffer pool
2017-07-18 15:01:02 6112 [Note] InnoDB: Highest supported file format is Barracuda.
2017-07-18 15:01:02 6112 [Note] InnoDB: The log sequence numbers 1626134 and 1626134 in ibdata files do not match the log sequence number 2522348 in the ib_logfiles!
2017-07-18 15:01:02 6112 [Note] InnoDB: Database was not shutdown normally!
2017-07-18 15:01:02 6112 [Note] InnoDB: Starting crash recovery.
2017-07-18 15:01:02 6112 [Note] InnoDB: Reading tablespace information from the .ibd files...
2017-07-18 15:01:02 6112 [Note] InnoDB: Restoring possible half-written data pages 
2017-07-18 15:01:02 6112 [Note] InnoDB: from the doublewrite buffer...
2017-07-18 15:01:02 6112 [Note] InnoDB: 128 rollback segment(s) are active.
2017-07-18 15:01:02 6112 [Note] InnoDB: Waiting for purge to start
2017-07-18 15:01:02 6112 [Note] InnoDB: 5.6.13 started; log sequence number 2522348
2017-07-18 15:01:02 6112 [Note] Server hostname (bind-address): '*'; port: 3307
2017-07-18 15:01:02 6112 [Note] IPv6 is available.
2017-07-18 15:01:02 6112 [Note]   - '::' resolves to '::';
2017-07-18 15:01:02 6112 [Note] Server socket created on IP: '::'.
2017-07-18 15:13:02 4508 [Note] Plugin 'FEDERATED' is disabled.
2017-07-18 15:13:02 4508 [Note] InnoDB: The InnoDB memory heap is disabled
2017-07-18 15:13:02 4508 [Note] InnoDB: Mutexes and rw_locks use Windows interlocked functions
2017-07-18 15:13:02 4508 [Note] InnoDB: Compressed tables use zlib 1.2.3
2017-07-18 15:13:02 4508 [Note] InnoDB: Not using CPU crc32 instructions
2017-07-18 15:13:02 4508 [Note] InnoDB: Initializing buffer pool, size = 128.0M
2017-07-18 15:13:02 4508 [Note] InnoDB: Completed initialization of buffer pool
2017-07-18 15:13:02 4508 [Note] InnoDB: Highest supported file format is Barracuda.
2017-07-18 15:13:02 4508 [Note] InnoDB: The log sequence numbers 1626134 and 1626134 in ibdata files do not match the log sequence number 2522358 in the ib_logfiles!
2017-07-18 15:13:02 4508 [Note] InnoDB: Database was not shutdown normally!
2017-07-18 15:13:02 4508 [Note] InnoDB: Starting crash recovery.
2017-07-18 15:13:02 4508 [Note] InnoDB: Reading tablespace information from the .ibd files...
2017-07-18 15:13:02 4508 [Note] InnoDB: Restoring possible half-written data pages 
2017-07-18 15:13:02 4508 [Note] InnoDB: from the doublewrite buffer...
2017-07-18 15:13:03 4508 [Note] InnoDB: 128 rollback segment(s) are active.
2017-07-18 15:13:03 4508 [Note] InnoDB: Waiting for purge to start
2017-07-18 15:13:03 4508 [Note] InnoDB: 5.6.13 started; log sequence number 2522358
2017-07-18 15:13:03 4508 [Note] Server hostname (bind-address): '*'; port: 3307
2017-07-18 15:13:03 4508 [Note] IPv6 is available.
2017-07-18 15:13:03 4508 [Note]   - '::' resolves to '::';
2017-07-18 15:13:03 4508 [Note] Server socket created on IP: '::'.
2017-07-18 15:15:26 5288 [Note] Plugin 'FEDERATED' is disabled.
2017-07-18 15:15:26 5288 [Note] InnoDB: The InnoDB memory heap is disabled
2017-07-18 15:15:26 5288 [Note] InnoDB: Mutexes and rw_locks use Windows interlocked functions
2017-07-18 15:15:26 5288 [Note] InnoDB: Compressed tables use zlib 1.2.3
2017-07-18 15:15:26 5288 [Note] InnoDB: Not using CPU crc32 instructions
2017-07-18 15:15:26 5288 [Note] InnoDB: Initializing buffer pool, size = 128.0M
2017-07-18 15:15:26 5288 [Note] InnoDB: Completed initialization of buffer pool
2017-07-18 15:15:26 5288 [Note] InnoDB: Highest supported file format is Barracuda.
2017-07-18 15:15:26 5288 [Note] InnoDB: The log sequence numbers 1626134 and 1626134 in ibdata files do not match the log sequence number 2522368 in the ib_logfiles!
2017-07-18 15:15:26 5288 [Note] InnoDB: Database was not shutdown normally!
2017-07-18 15:15:26 5288 [Note] InnoDB: Starting crash recovery.
2017-07-18 15:15:26 5288 [Note] InnoDB: Reading tablespace information from the .ibd files...
2017-07-18 15:15:26 5288 [Note] InnoDB: Restoring possible half-written data pages 
2017-07-18 15:15:26 5288 [Note] InnoDB: from the doublewrite buffer...
2017-07-18 15:15:27 5288 [Note] InnoDB: 128 rollback segment(s) are active.
2017-07-18 15:15:27 5288 [Note] InnoDB: Waiting for purge to start
2017-07-18 15:15:27 5288 [Note] InnoDB: 5.6.13 started; log sequence number 2522368
2017-07-18 15:15:27 5288 [Note] Server hostname (bind-address): '*'; port: 3307
2017-07-18 15:15:27 5288 [Note] IPv6 is available.
2017-07-18 15:15:27 5288 [Note]   - '::' resolves to '::';
2017-07-18 15:15:27 5288 [Note] Server socket created on IP: '::'.
2017-07-18 15:15:27 5288 [Note] Event Scheduler: Loaded 0 events
2017-07-18 15:15:27 5288 [Note] D:\sem3\php\usbWebserver v8.6 (assignment only)/mysql/bin/mysqld_usbwv8.exe: ready for connections.
Version: '5.6.13'  socket: ''  port: 3307  MySQL Community Server (GPL)
2017-07-18 17:25:30 6968 [Note] Plugin 'FEDERATED' is disabled.
2017-07-18 17:25:30 6968 [Note] InnoDB: The InnoDB memory heap is disabled
2017-07-18 17:25:30 6968 [Note] InnoDB: Mutexes and rw_locks use Windows interlocked functions
2017-07-18 17:25:30 6968 [Note] InnoDB: Compressed tables use zlib 1.2.3
2017-07-18 17:25:30 6968 [Note] InnoDB: Not using CPU crc32 instructions
2017-07-18 17:25:30 6968 [Note] InnoDB: Initializing buffer pool, size = 128.0M
2017-07-18 17:25:30 6968 [Note] InnoDB: Completed initialization of buffer pool
2017-07-18 17:25:30 6968 [Note] InnoDB: Highest supported file format is Barracuda.
2017-07-18 17:25:30 6968 [Note] InnoDB: The log sequence numbers 1626134 and 1626134 in ibdata files do not match the log sequence number 2541493 in the ib_logfiles!
2017-07-18 17:25:30 6968 [Note] InnoDB: Database was not shutdown normally!
2017-07-18 17:25:30 6968 [Note] InnoDB: Starting crash recovery.
2017-07-18 17:25:30 6968 [Note] InnoDB: Reading tablespace information from the .ibd files...
2017-07-18 17:25:30 6968 [Note] InnoDB: Restoring possible half-written data pages 
2017-07-18 17:25:30 6968 [Note] InnoDB: from the doublewrite buffer...
2017-07-18 17:25:31 6968 [Note] InnoDB: 128 rollback segment(s) are active.
2017-07-18 17:25:31 6968 [Note] InnoDB: Waiting for purge to start
2017-07-18 17:25:31 6968 [Note] InnoDB: 5.6.13 started; log sequence number 2541493
2017-07-18 17:25:31 6968 [Note] Server hostname (bind-address): '*'; port: 3307
2017-07-18 17:25:31 6968 [Note] IPv6 is available.
2017-07-18 17:25:31 6968 [Note]   - '::' resolves to '::';
2017-07-18 17:25:31 6968 [Note] Server socket created on IP: '::'.
