2017-06-09 12:42:40 7992 [Note] Plugin 'FEDERATED' is disabled.
2017-06-09 12:42:40 7992 [Note] InnoDB: The InnoDB memory heap is disabled
2017-06-09 12:42:40 7992 [Note] InnoDB: Mutexes and rw_locks use Windows interlocked functions
2017-06-09 12:42:40 7992 [Note] InnoDB: Compressed tables use zlib 1.2.3
2017-06-09 12:42:40 7992 [Note] InnoDB: Not using CPU crc32 instructions
2017-06-09 12:42:40 7992 [Note] InnoDB: Initializing buffer pool, size = 128.0M
2017-06-09 12:42:40 7992 [Note] InnoDB: Completed initialization of buffer pool
2017-06-09 12:42:40 7992 [Note] InnoDB: Highest supported file format is Barracuda.
2017-06-09 12:42:40 7992 [Note] InnoDB: The log sequence numbers 1626134 and 1626134 in ibdata files do not match the log sequence number 1768280 in the ib_logfiles!
2017-06-09 12:42:40 7992 [Note] InnoDB: Database was not shutdown normally!
2017-06-09 12:42:40 7992 [Note] InnoDB: Starting crash recovery.
2017-06-09 12:42:40 7992 [Note] InnoDB: Reading tablespace information from the .ibd files...
2017-06-09 12:42:40 7992 [Note] InnoDB: Restoring possible half-written data pages 
2017-06-09 12:42:40 7992 [Note] InnoDB: from the doublewrite buffer...
2017-06-09 12:42:41 7992 [Note] InnoDB: 128 rollback segment(s) are active.
2017-06-09 12:42:41 7992 [Note] InnoDB: Waiting for purge to start
2017-06-09 12:42:41 7992 [Note] InnoDB: 5.6.13 started; log sequence number 1768280
2017-06-09 12:42:41 7992 [Note] Server hostname (bind-address): '*'; port: 3307
2017-06-09 12:42:41 7992 [Note] IPv6 is available.
2017-06-09 12:42:41 7992 [Note]   - '::' resolves to '::';
2017-06-09 12:42:41 7992 [Note] Server socket created on IP: '::'.
2017-06-09 12:42:42 7992 [Note] Event Scheduler: Loaded 0 events
2017-06-09 12:42:42 7992 [Note] E:\sem3\php\usbWebserver v8.6/mysql/bin/mysqld_usbwv8.exe: ready for connections.
Version: '5.6.13'  socket: ''  port: 3307  MySQL Community Server (GPL)
2017-06-09 12:57:55 11600 [Note] Plugin 'FEDERATED' is disabled.
2017-06-09 12:57:55 11600 [Note] InnoDB: The InnoDB memory heap is disabled
2017-06-09 12:57:55 11600 [Note] InnoDB: Mutexes and rw_locks use Windows interlocked functions
2017-06-09 12:57:55 11600 [Note] InnoDB: Compressed tables use zlib 1.2.3
2017-06-09 12:57:55 11600 [Note] InnoDB: Not using CPU crc32 instructions
2017-06-09 12:57:55 11600 [Note] InnoDB: Initializing buffer pool, size = 128.0M
2017-06-09 12:57:55 11600 [Note] InnoDB: Completed initialization of buffer pool
2017-06-09 12:57:55 11600 [Note] InnoDB: Highest supported file format is Barracuda.
2017-06-09 12:57:55 11600 [Note] InnoDB: The log sequence numbers 1626134 and 1626134 in ibdata files do not match the log sequence number 1768290 in the ib_logfiles!
2017-06-09 12:57:55 11600 [Note] InnoDB: Database was not shutdown normally!
2017-06-09 12:57:55 11600 [Note] InnoDB: Starting crash recovery.
2017-06-09 12:57:55 11600 [Note] InnoDB: Reading tablespace information from the .ibd files...
2017-06-09 12:57:55 11600 [Note] InnoDB: Restoring possible half-written data pages 
2017-06-09 12:57:55 11600 [Note] InnoDB: from the doublewrite buffer...
2017-06-09 12:57:55 11600 [Note] InnoDB: 128 rollback segment(s) are active.
2017-06-09 12:57:55 11600 [Note] InnoDB: Waiting for purge to start
2017-06-09 12:57:55 11600 [Note] InnoDB: 5.6.13 started; log sequence number 1768290
2017-06-09 12:57:55 11600 [Note] Server hostname (bind-address): '*'; port: 3307
2017-06-09 12:57:55 11600 [Note] IPv6 is available.
2017-06-09 12:57:55 11600 [Note]   - '::' resolves to '::';
2017-06-09 12:57:55 11600 [Note] Server socket created on IP: '::'.
2017-06-09 16:22:07 2572 [Note] Plugin 'FEDERATED' is disabled.
2017-06-09 16:22:07 2572 [Note] InnoDB: The InnoDB memory heap is disabled
2017-06-09 16:22:07 2572 [Note] InnoDB: Mutexes and rw_locks use Windows interlocked functions
2017-06-09 16:22:07 2572 [Note] InnoDB: Compressed tables use zlib 1.2.3
2017-06-09 16:22:07 2572 [Note] InnoDB: Not using CPU crc32 instructions
2017-06-09 16:22:07 2572 [Note] InnoDB: Initializing buffer pool, size = 128.0M
2017-06-09 16:22:07 2572 [Note] InnoDB: Completed initialization of buffer pool
2017-06-09 16:22:07 2572 [Note] InnoDB: Highest supported file format is Barracuda.
2017-06-09 16:22:07 2572 [Note] InnoDB: The log sequence numbers 1626134 and 1626134 in ibdata files do not match the log sequence number 1777283 in the ib_logfiles!
2017-06-09 16:22:07 2572 [Note] InnoDB: Database was not shutdown normally!
2017-06-09 16:22:07 2572 [Note] InnoDB: Starting crash recovery.
2017-06-09 16:22:07 2572 [Note] InnoDB: Reading tablespace information from the .ibd files...
2017-06-09 16:22:07 2572 [Note] InnoDB: Restoring possible half-written data pages 
2017-06-09 16:22:07 2572 [Note] InnoDB: from the doublewrite buffer...
2017-06-09 16:22:07 2572 [Note] InnoDB: 128 rollback segment(s) are active.
2017-06-09 16:22:07 2572 [Note] InnoDB: Waiting for purge to start
2017-06-09 16:22:08 2572 [Note] InnoDB: 5.6.13 started; log sequence number 1777283
2017-06-09 16:22:08 2572 [Note] Server hostname (bind-address): '*'; port: 3307
2017-06-09 16:22:08 2572 [Note] IPv6 is available.
2017-06-09 16:22:08 2572 [Note]   - '::' resolves to '::';
2017-06-09 16:22:08 2572 [Note] Server socket created on IP: '::'.
2017-10-11 13:41:39 748 [Note] Plugin 'FEDERATED' is disabled.
2017-10-11 13:41:39 748 [Note] InnoDB: The InnoDB memory heap is disabled
2017-10-11 13:41:39 748 [Note] InnoDB: Mutexes and rw_locks use Windows interlocked functions
2017-10-11 13:41:39 748 [Note] InnoDB: Compressed tables use zlib 1.2.3
2017-10-11 13:41:39 748 [Note] InnoDB: Not using CPU crc32 instructions
2017-10-11 13:41:39 748 [Note] InnoDB: Initializing buffer pool, size = 128.0M
2017-10-11 13:41:39 748 [Note] InnoDB: Completed initialization of buffer pool
2017-10-11 13:41:39 748 [Note] InnoDB: Highest supported file format is Barracuda.
2017-10-11 13:41:39 748 [Note] InnoDB: The log sequence numbers 1626134 and 1626134 in ibdata files do not match the log sequence number 2739903 in the ib_logfiles!
2017-10-11 13:41:39 748 [Note] InnoDB: Database was not shutdown normally!
2017-10-11 13:41:39 748 [Note] InnoDB: Starting crash recovery.
2017-10-11 13:41:39 748 [Note] InnoDB: Reading tablespace information from the .ibd files...
2017-10-11 13:41:39 748 [Note] InnoDB: Restoring possible half-written data pages 
2017-10-11 13:41:39 748 [Note] InnoDB: from the doublewrite buffer...
2017-10-11 13:41:40 748 [Note] InnoDB: 128 rollback segment(s) are active.
2017-10-11 13:41:40 748 [Note] InnoDB: Waiting for purge to start
2017-10-11 13:41:40 748 [Note] InnoDB: 5.6.13 started; log sequence number 2739903
2017-10-11 13:41:40 748 [Note] Server hostname (bind-address): '*'; port: 3307
2017-10-11 13:41:40 748 [Note] IPv6 is available.
2017-10-11 13:41:40 748 [Note]   - '::' resolves to '::';
2017-10-11 13:41:40 748 [Note] Server socket created on IP: '::'.
2017-10-11 13:41:41 748 [Note] Event Scheduler: Loaded 0 events
2017-10-11 13:41:41 748 [Note] E:\sem4\GUI\assignment\usbWebserver v8.6 (assignment only)/mysql/bin/mysqld_usbwv8.exe: ready for connections.
Version: '5.6.13'  socket: ''  port: 3307  MySQL Community Server (GPL)
