2017-06-02 12:38:37 11072 [Note] Plugin 'FEDERATED' is disabled.
2017-06-02 12:38:37 11072 [Note] InnoDB: The InnoDB memory heap is disabled
2017-06-02 12:38:37 11072 [Note] InnoDB: Mutexes and rw_locks use Windows interlocked functions
2017-06-02 12:38:37 11072 [Note] InnoDB: Compressed tables use zlib 1.2.3
2017-06-02 12:38:37 11072 [Note] InnoDB: Not using CPU crc32 instructions
2017-06-02 12:38:37 11072 [Note] InnoDB: Initializing buffer pool, size = 128.0M
2017-06-02 12:38:37 11072 [Note] InnoDB: Completed initialization of buffer pool
2017-06-02 12:38:37 11072 [Note] InnoDB: Highest supported file format is Barracuda.
2017-06-02 12:38:37 11072 [Note] InnoDB: The log sequence numbers 1626134 and 1626134 in ibdata files do not match the log sequence number 1626656 in the ib_logfiles!
2017-06-02 12:38:37 11072 [Note] InnoDB: Database was not shutdown normally!
2017-06-02 12:38:37 11072 [Note] InnoDB: Starting crash recovery.
2017-06-02 12:38:37 11072 [Note] InnoDB: Reading tablespace information from the .ibd files...
2017-06-02 12:38:37 11072 [Note] InnoDB: Restoring possible half-written data pages 
2017-06-02 12:38:37 11072 [Note] InnoDB: from the doublewrite buffer...
2017-06-02 12:38:38 11072 [Note] InnoDB: 128 rollback segment(s) are active.
2017-06-02 12:38:38 11072 [Note] InnoDB: Waiting for purge to start
2017-06-02 12:38:38 11072 [Note] InnoDB: 5.6.13 started; log sequence number 1626656
2017-06-02 12:38:38 11072 [Note] Server hostname (bind-address): '*'; port: 3307
2017-06-02 12:38:38 11072 [Note] IPv6 is available.
2017-06-02 12:38:38 11072 [Note]   - '::' resolves to '::';
2017-06-02 12:38:38 11072 [Note] Server socket created on IP: '::'.
2017-06-02 14:42:26 6440 [Note] Plugin 'FEDERATED' is disabled.
2017-06-02 14:42:26 6440 [Note] InnoDB: The InnoDB memory heap is disabled
2017-06-02 14:42:26 6440 [Note] InnoDB: Mutexes and rw_locks use Windows interlocked functions
2017-06-02 14:42:26 6440 [Note] InnoDB: Compressed tables use zlib 1.2.3
2017-06-02 14:42:26 6440 [Note] InnoDB: Not using CPU crc32 instructions
2017-06-02 14:42:26 6440 [Note] InnoDB: Initializing buffer pool, size = 128.0M
2017-06-02 14:42:26 6440 [Note] InnoDB: Completed initialization of buffer pool
2017-06-02 14:42:26 6440 [Note] InnoDB: Highest supported file format is Barracuda.
2017-06-02 14:42:26 6440 [Note] InnoDB: The log sequence numbers 1626134 and 1626134 in ibdata files do not match the log sequence number 1626666 in the ib_logfiles!
2017-06-02 14:42:26 6440 [Note] InnoDB: Database was not shutdown normally!
2017-06-02 14:42:26 6440 [Note] InnoDB: Starting crash recovery.
2017-06-02 14:42:26 6440 [Note] InnoDB: Reading tablespace information from the .ibd files...
2017-06-02 14:42:26 6440 [Note] InnoDB: Restoring possible half-written data pages 
2017-06-02 14:42:26 6440 [Note] InnoDB: from the doublewrite buffer...
2017-06-02 14:42:26 6440 [Note] InnoDB: 128 rollback segment(s) are active.
2017-06-02 14:42:26 6440 [Note] InnoDB: Waiting for purge to start
2017-06-02 14:42:26 6440 [Note] InnoDB: 5.6.13 started; log sequence number 1626666
2017-06-02 14:42:26 6440 [Note] Server hostname (bind-address): '*'; port: 3307
2017-06-02 14:42:26 6440 [Note] IPv6 is available.
2017-06-02 14:42:26 6440 [Note]   - '::' resolves to '::';
2017-06-02 14:42:26 6440 [Note] Server socket created on IP: '::'.
2017-06-02 16:32:10 3196 [Note] Plugin 'FEDERATED' is disabled.
2017-06-02 16:32:10 3196 [Note] InnoDB: The InnoDB memory heap is disabled
2017-06-02 16:32:10 3196 [Note] InnoDB: Mutexes and rw_locks use Windows interlocked functions
2017-06-02 16:32:10 3196 [Note] InnoDB: Compressed tables use zlib 1.2.3
2017-06-02 16:32:10 3196 [Note] InnoDB: Not using CPU crc32 instructions
2017-06-02 16:32:10 3196 [Note] InnoDB: Initializing buffer pool, size = 128.0M
2017-06-02 16:32:10 3196 [Note] InnoDB: Completed initialization of buffer pool
2017-06-02 16:32:10 3196 [Note] InnoDB: Highest supported file format is Barracuda.
2017-06-02 16:32:10 3196 [Note] InnoDB: The log sequence numbers 1626134 and 1626134 in ibdata files do not match the log sequence number 1759505 in the ib_logfiles!
2017-06-02 16:32:10 3196 [Note] InnoDB: Database was not shutdown normally!
2017-06-02 16:32:10 3196 [Note] InnoDB: Starting crash recovery.
2017-06-02 16:32:10 3196 [Note] InnoDB: Reading tablespace information from the .ibd files...
2017-06-02 16:32:10 3196 [Note] InnoDB: Restoring possible half-written data pages 
2017-06-02 16:32:10 3196 [Note] InnoDB: from the doublewrite buffer...
2017-06-02 16:32:11 3196 [Note] InnoDB: 128 rollback segment(s) are active.
2017-06-02 16:32:11 3196 [Note] InnoDB: Waiting for purge to start
2017-06-02 16:32:11 3196 [Note] InnoDB: 5.6.13 started; log sequence number 1759505
2017-06-02 16:32:11 3196 [Note] Server hostname (bind-address): '*'; port: 3307
2017-06-02 16:32:11 3196 [Note] IPv6 is available.
2017-06-02 16:32:11 3196 [Note]   - '::' resolves to '::';
2017-06-02 16:32:11 3196 [Note] Server socket created on IP: '::'.
2017-06-30 12:42:03 11256 [Note] Plugin 'FEDERATED' is disabled.
2017-06-30 12:42:03 11256 [Note] InnoDB: The InnoDB memory heap is disabled
2017-06-30 12:42:03 11256 [Note] InnoDB: Mutexes and rw_locks use Windows interlocked functions
2017-06-30 12:42:03 11256 [Note] InnoDB: Compressed tables use zlib 1.2.3
2017-06-30 12:42:03 11256 [Note] InnoDB: Not using CPU crc32 instructions
2017-06-30 12:42:03 11256 [Note] InnoDB: Initializing buffer pool, size = 128.0M
2017-06-30 12:42:04 11256 [Note] InnoDB: Completed initialization of buffer pool
2017-06-30 12:42:04 11256 [Note] InnoDB: Highest supported file format is Barracuda.
2017-06-30 12:42:04 11256 [Note] InnoDB: The log sequence numbers 1626134 and 1626134 in ibdata files do not match the log sequence number 1778834 in the ib_logfiles!
2017-06-30 12:42:04 11256 [Note] InnoDB: Database was not shutdown normally!
2017-06-30 12:42:04 11256 [Note] InnoDB: Starting crash recovery.
2017-06-30 12:42:04 11256 [Note] InnoDB: Reading tablespace information from the .ibd files...
2017-06-30 12:42:04 11256 [Note] InnoDB: Restoring possible half-written data pages 
2017-06-30 12:42:04 11256 [Note] InnoDB: from the doublewrite buffer...
2017-06-30 12:42:04 11256 [Note] InnoDB: 128 rollback segment(s) are active.
2017-06-30 12:42:04 11256 [Note] InnoDB: Waiting for purge to start
2017-06-30 12:42:04 11256 [Note] InnoDB: 5.6.13 started; log sequence number 1778834
2017-06-30 12:42:04 11256 [Note] Server hostname (bind-address): '*'; port: 3307
2017-06-30 12:42:04 11256 [Note] IPv6 is available.
2017-06-30 12:42:04 11256 [Note]   - '::' resolves to '::';
2017-06-30 12:42:04 11256 [Note] Server socket created on IP: '::'.
2017-06-30 12:42:05 11256 [Note] Event Scheduler: Loaded 0 events
2017-06-30 12:42:05 11256 [Note] E:\sem3\php\usbWebserver v8.6/mysql/bin/mysqld_usbwv8.exe: ready for connections.
Version: '5.6.13'  socket: ''  port: 3307  MySQL Community Server (GPL)
