2017-10-19 14:04:04 4356 [Note] Plugin 'FEDERATED' is disabled.
2017-10-19 14:04:04 4356 [Note] InnoDB: The InnoDB memory heap is disabled
2017-10-19 14:04:04 4356 [Note] InnoDB: Mutexes and rw_locks use Windows interlocked functions
2017-10-19 14:04:04 4356 [Note] InnoDB: Compressed tables use zlib 1.2.3
2017-10-19 14:04:04 4356 [Note] InnoDB: Not using CPU crc32 instructions
2017-10-19 14:04:04 4356 [Note] InnoDB: Initializing buffer pool, size = 128.0M
2017-10-19 14:04:04 4356 [Note] InnoDB: Completed initialization of buffer pool
2017-10-19 14:04:04 4356 [Note] InnoDB: Highest supported file format is Barracuda.
2017-10-19 14:04:04 4356 [Note] InnoDB: The log sequence numbers 1626134 and 1626134 in ibdata files do not match the log sequence number 2875686 in the ib_logfiles!
2017-10-19 14:04:04 4356 [Note] InnoDB: Database was not shutdown normally!
2017-10-19 14:04:04 4356 [Note] InnoDB: Starting crash recovery.
2017-10-19 14:04:04 4356 [Note] InnoDB: Reading tablespace information from the .ibd files...
2017-10-19 14:04:04 4356 [Note] InnoDB: Restoring possible half-written data pages 
2017-10-19 14:04:04 4356 [Note] InnoDB: from the doublewrite buffer...
2017-10-19 14:04:05 4356 [Note] InnoDB: 128 rollback segment(s) are active.
2017-10-19 14:04:05 4356 [Note] InnoDB: Waiting for purge to start
2017-10-19 14:04:05 4356 [Note] InnoDB: 5.6.13 started; log sequence number 2875686
2017-10-19 14:04:05 4356 [Note] Server hostname (bind-address): '*'; port: 3307
2017-10-19 14:04:05 4356 [Note] IPv6 is available.
2017-10-19 14:04:05 4356 [Note]   - '::' resolves to '::';
2017-10-19 14:04:05 4356 [Note] Server socket created on IP: '::'.
2017-10-19 14:23:45 10828 [Note] Plugin 'FEDERATED' is disabled.
2017-10-19 14:23:45 10828 [Note] InnoDB: The InnoDB memory heap is disabled
2017-10-19 14:23:45 10828 [Note] InnoDB: Mutexes and rw_locks use Windows interlocked functions
2017-10-19 14:23:45 10828 [Note] InnoDB: Compressed tables use zlib 1.2.3
2017-10-19 14:23:45 10828 [Note] InnoDB: Not using CPU crc32 instructions
2017-10-19 14:23:45 10828 [Note] InnoDB: Initializing buffer pool, size = 128.0M
2017-10-19 14:23:45 10828 [Note] InnoDB: Completed initialization of buffer pool
2017-10-19 14:23:45 10828 [Note] InnoDB: Highest supported file format is Barracuda.
2017-10-19 14:23:45 10828 [Note] InnoDB: The log sequence numbers 1626134 and 1626134 in ibdata files do not match the log sequence number 2879034 in the ib_logfiles!
2017-10-19 14:23:45 10828 [Note] InnoDB: Database was not shutdown normally!
2017-10-19 14:23:45 10828 [Note] InnoDB: Starting crash recovery.
2017-10-19 14:23:45 10828 [Note] InnoDB: Reading tablespace information from the .ibd files...
2017-10-19 14:23:46 10828 [Note] InnoDB: Restoring possible half-written data pages 
2017-10-19 14:23:46 10828 [Note] InnoDB: from the doublewrite buffer...
2017-10-19 14:23:46 10828 [Note] InnoDB: 128 rollback segment(s) are active.
2017-10-19 14:23:46 10828 [Note] InnoDB: Waiting for purge to start
2017-10-19 14:23:46 10828 [Note] InnoDB: 5.6.13 started; log sequence number 2879034
2017-10-19 14:23:46 10828 [Note] Server hostname (bind-address): '*'; port: 3307
2017-10-19 14:23:46 10828 [Note] IPv6 is available.
2017-10-19 14:23:46 10828 [Note]   - '::' resolves to '::';
2017-10-19 14:23:46 10828 [Note] Server socket created on IP: '::'.
