2017-10-12 12:10:13 1064 [Note] Plugin 'FEDERATED' is disabled.
2017-10-12 12:10:13 1064 [Note] InnoDB: The InnoDB memory heap is disabled
2017-10-12 12:10:13 1064 [Note] InnoDB: Mutexes and rw_locks use Windows interlocked functions
2017-10-12 12:10:13 1064 [Note] InnoDB: Compressed tables use zlib 1.2.3
2017-10-12 12:10:13 1064 [Note] InnoDB: Not using CPU crc32 instructions
2017-10-12 12:10:13 1064 [Note] InnoDB: Initializing buffer pool, size = 128.0M
2017-10-12 12:10:13 1064 [Note] InnoDB: Completed initialization of buffer pool
2017-10-12 12:10:13 1064 [Note] InnoDB: Highest supported file format is Barracuda.
2017-10-12 12:10:13 1064 [Note] InnoDB: The log sequence numbers 1626134 and 1626134 in ibdata files do not match the log sequence number 2739993 in the ib_logfiles!
2017-10-12 12:10:13 1064 [Note] InnoDB: Database was not shutdown normally!
2017-10-12 12:10:13 1064 [Note] InnoDB: Starting crash recovery.
2017-10-12 12:10:13 1064 [Note] InnoDB: Reading tablespace information from the .ibd files...
2017-10-12 12:10:13 1064 [Note] InnoDB: Restoring possible half-written data pages 
2017-10-12 12:10:13 1064 [Note] InnoDB: from the doublewrite buffer...
2017-10-12 12:10:14 1064 [Note] InnoDB: 128 rollback segment(s) are active.
2017-10-12 12:10:14 1064 [Note] InnoDB: Waiting for purge to start
2017-10-12 12:10:14 1064 [Note] InnoDB: 5.6.13 started; log sequence number 2739993
2017-10-12 12:10:14 1064 [Note] Server hostname (bind-address): '*'; port: 3307
2017-10-12 12:10:14 1064 [Note] IPv6 is available.
2017-10-12 12:10:14 1064 [Note]   - '::' resolves to '::';
2017-10-12 12:10:14 1064 [Note] Server socket created on IP: '::'.
2017-10-12 12:50:24 15156 [Note] Plugin 'FEDERATED' is disabled.
2017-10-12 12:50:24 15156 [Note] InnoDB: The InnoDB memory heap is disabled
2017-10-12 12:50:24 15156 [Note] InnoDB: Mutexes and rw_locks use Windows interlocked functions
2017-10-12 12:50:24 15156 [Note] InnoDB: Compressed tables use zlib 1.2.3
2017-10-12 12:50:24 15156 [Note] InnoDB: Not using CPU crc32 instructions
2017-10-12 12:50:24 15156 [Note] InnoDB: Initializing buffer pool, size = 128.0M
2017-10-12 12:50:24 15156 [Note] InnoDB: Completed initialization of buffer pool
2017-10-12 12:50:24 15156 [Note] InnoDB: Highest supported file format is Barracuda.
2017-10-12 12:50:24 15156 [Note] InnoDB: The log sequence numbers 1626134 and 1626134 in ibdata files do not match the log sequence number 2740003 in the ib_logfiles!
2017-10-12 12:50:24 15156 [Note] InnoDB: Database was not shutdown normally!
2017-10-12 12:50:24 15156 [Note] InnoDB: Starting crash recovery.
2017-10-12 12:50:24 15156 [Note] InnoDB: Reading tablespace information from the .ibd files...
2017-10-12 12:50:24 15156 [Note] InnoDB: Restoring possible half-written data pages 
2017-10-12 12:50:24 15156 [Note] InnoDB: from the doublewrite buffer...
2017-10-12 12:50:24 15156 [Note] InnoDB: 128 rollback segment(s) are active.
2017-10-12 12:50:24 15156 [Note] InnoDB: Waiting for purge to start
2017-10-12 12:50:24 15156 [Note] InnoDB: 5.6.13 started; log sequence number 2740003
2017-10-12 12:50:25 15156 [Note] Server hostname (bind-address): '*'; port: 3307
2017-10-12 12:50:25 15156 [Note] IPv6 is available.
2017-10-12 12:50:25 15156 [Note]   - '::' resolves to '::';
2017-10-12 12:50:25 15156 [Note] Server socket created on IP: '::'.
2017-10-12 12:50:25 15156 [Note] Event Scheduler: Loaded 0 events
2017-10-12 12:50:25 15156 [Note] E:\sem4\GUI\assignment\usbWebserver v8.6 (assignment only)/mysql/bin/mysqld_usbwv8.exe: ready for connections.
Version: '5.6.13'  socket: ''  port: 3307  MySQL Community Server (GPL)
2017-10-12 12:52:22 3180 [Note] Plugin 'FEDERATED' is disabled.
2017-10-12 12:52:22 3180 [Note] InnoDB: The InnoDB memory heap is disabled
2017-10-12 12:52:22 3180 [Note] InnoDB: Mutexes and rw_locks use Windows interlocked functions
2017-10-12 12:52:22 3180 [Note] InnoDB: Compressed tables use zlib 1.2.3
2017-10-12 12:52:22 3180 [Note] InnoDB: Not using CPU crc32 instructions
2017-10-12 12:52:22 3180 [Note] InnoDB: Initializing buffer pool, size = 128.0M
2017-10-12 12:52:22 3180 [Note] InnoDB: Completed initialization of buffer pool
2017-10-12 12:52:22 3180 [Note] InnoDB: Highest supported file format is Barracuda.
2017-10-12 12:52:22 3180 [Note] InnoDB: The log sequence numbers 1626134 and 1626134 in ibdata files do not match the log sequence number 2740013 in the ib_logfiles!
2017-10-12 12:52:22 3180 [Note] InnoDB: Database was not shutdown normally!
2017-10-12 12:52:22 3180 [Note] InnoDB: Starting crash recovery.
2017-10-12 12:52:22 3180 [Note] InnoDB: Reading tablespace information from the .ibd files...
2017-10-12 12:52:22 3180 [Note] InnoDB: Restoring possible half-written data pages 
2017-10-12 12:52:22 3180 [Note] InnoDB: from the doublewrite buffer...
2017-10-12 12:52:23 3180 [Note] InnoDB: 128 rollback segment(s) are active.
2017-10-12 12:52:23 3180 [Note] InnoDB: Waiting for purge to start
2017-10-12 12:52:23 3180 [Note] InnoDB: 5.6.13 started; log sequence number 2740013
2017-10-12 12:52:23 3180 [Note] Server hostname (bind-address): '*'; port: 3307
2017-10-12 12:52:23 3180 [Note] IPv6 is available.
2017-10-12 12:52:23 3180 [Note]   - '::' resolves to '::';
2017-10-12 12:52:23 3180 [Note] Server socket created on IP: '::'.
